2025-03-27 07:36:35,668 [Worker-2: Loading available Gradle versions] INFO  o.e.b.c.i.u.g.PublishedGradleVersions - Gradle version information cache is not available. Remote download required.
2025-03-27 07:37:17,842 [Worker-1: Building] INFO  o.e.m.c.i.l.LifecycleMappingFactory - Using org.eclipse.m2e.jdt.JarLifecycleMapping lifecycle mapping for MavenProject: com.emersud:prjGame:0.0.1-SNAPSHOT @ C:\Users\SN1073554\OneDrive - SESISENAISP - Corporativo\organizar\Área de Trabalho\JogoAtualizado\prjGame\pom.xml.
2025-03-27 07:37:20,677 [Worker-1: Building] INFO  o.a.m.s.f.DefaultMavenResourcesFiltering - Copying 1 resource from src\main\resources to target\classes
2025-03-27 07:37:20,708 [Worker-1: Building] INFO  o.a.m.s.f.DefaultMavenResourcesFiltering - Copying 3 resources from src\main\resources to target\classes
2025-03-27 07:37:20,727 [Worker-1: Building] INFO  o.a.m.s.f.DefaultMavenResourcesFiltering - skip non existing resourceDirectory C:\Users\SN1073554\OneDrive - SESISENAISP - Corporativo\organizar\Área de Trabalho\JogoAtualizado\prjGame\src\test\resources
2025-03-27 07:37:22,437 [Worker-2: Building] INFO  o.a.m.s.f.DefaultMavenResourcesFiltering - Copying 1 resource from src\main\resources to target\classes
2025-03-27 07:37:22,442 [Worker-2: Building] INFO  o.a.m.s.f.DefaultMavenResourcesFiltering - Copying 3 resources from src\main\resources to target\classes
2025-03-27 07:37:22,456 [Worker-2: Building] INFO  o.a.m.s.f.DefaultMavenResourcesFiltering - skip non existing resourceDirectory C:\Users\SN1073554\OneDrive - SESISENAISP - Corporativo\organizar\Área de Trabalho\JogoAtualizado\prjGame\src\test\resources
2025-03-27 07:39:03,578 [Worker-9: Launching prjGame - PrjGameApplication] INFO  o.a.m.s.f.DefaultMavenResourcesFiltering - Copying 1 resource from src\main\resources to target\classes
2025-03-27 07:39:03,602 [Worker-9: Launching prjGame - PrjGameApplication] INFO  o.a.m.s.f.DefaultMavenResourcesFiltering - Copying 0 resource from src\main\resources to target\classes
2025-03-27 07:39:03,607 [Worker-9: Launching prjGame - PrjGameApplication] INFO  o.a.m.s.f.DefaultMavenResourcesFiltering - skip non existing resourceDirectory C:\Users\SN1073554\OneDrive - SESISENAISP - Corporativo\organizar\Área de Trabalho\JogoAtualizado\prjGame\src\test\resources
2025-03-27 12:21:21,159 [Worker-15: Building] INFO  o.a.m.s.f.DefaultMavenResourcesFiltering - Copying 1 resource from src\main\resources to target\classes
2025-03-27 12:21:21,166 [Worker-15: Building] INFO  o.a.m.s.f.DefaultMavenResourcesFiltering - Copying 3 resources from src\main\resources to target\classes
2025-03-27 12:21:21,171 [Worker-15: Building] INFO  o.a.m.s.f.DefaultMavenResourcesFiltering - skip non existing resourceDirectory C:\Users\SN1073554\OneDrive - SESISENAISP - Corporativo\organizar\Área de Trabalho\JogoAtualizado\prjGame\src\test\resources
2025-03-27 12:23:06,395 [Worker-3: Building] INFO  o.a.m.s.f.DefaultMavenResourcesFiltering - Copying 1 resource from src\main\resources to target\classes
2025-03-27 12:23:06,399 [Worker-3: Building] INFO  o.a.m.s.f.DefaultMavenResourcesFiltering - Copying 3 resources from src\main\resources to target\classes
2025-03-27 12:23:06,403 [Worker-3: Building] INFO  o.a.m.s.f.DefaultMavenResourcesFiltering - skip non existing resourceDirectory C:\Users\SN1073554\OneDrive - SESISENAISP - Corporativo\organizar\Área de Trabalho\JogoAtualizado\prjGame\src\test\resources
2025-03-27 12:27:36,626 [Worker-3: Building] INFO  o.a.m.s.f.DefaultMavenResourcesFiltering - Copying 1 resource from src\main\resources to target\classes
2025-03-27 12:27:36,632 [Worker-3: Building] INFO  o.a.m.s.f.DefaultMavenResourcesFiltering - Copying 3 resources from src\main\resources to target\classes
2025-03-27 12:27:36,637 [Worker-3: Building] INFO  o.a.m.s.f.DefaultMavenResourcesFiltering - skip non existing resourceDirectory C:\Users\SN1073554\OneDrive - SESISENAISP - Corporativo\organizar\Área de Trabalho\JogoAtualizado\prjGame\src\test\resources
2025-03-27 12:29:27,532 [Worker-15: Building] INFO  o.a.m.s.f.DefaultMavenResourcesFiltering - Copying 1 resource from src\main\resources to target\classes
2025-03-27 12:29:27,535 [Worker-15: Building] INFO  o.a.m.s.f.DefaultMavenResourcesFiltering - Copying 3 resources from src\main\resources to target\classes
2025-03-27 12:29:27,539 [Worker-15: Building] INFO  o.a.m.s.f.DefaultMavenResourcesFiltering - skip non existing resourceDirectory C:\Users\SN1073554\OneDrive - SESISENAISP - Corporativo\organizar\Área de Trabalho\JogoAtualizado\prjGame\src\test\resources
2025-03-27 12:33:19,482 [Worker-11: Building] INFO  o.a.m.s.f.DefaultMavenResourcesFiltering - Copying 1 resource from src\main\resources to target\classes
2025-03-27 12:33:19,488 [Worker-11: Building] INFO  o.a.m.s.f.DefaultMavenResourcesFiltering - Copying 3 resources from src\main\resources to target\classes
2025-03-27 12:33:19,493 [Worker-11: Building] INFO  o.a.m.s.f.DefaultMavenResourcesFiltering - skip non existing resourceDirectory C:\Users\SN1073554\OneDrive - SESISENAISP - Corporativo\organizar\Área de Trabalho\JogoAtualizado\prjGame\src\test\resources
2025-03-27 12:47:17,395 [Worker-3: Launching prjGame - PrjGameApplication] INFO  o.a.m.s.f.DefaultMavenResourcesFiltering - Copying 1 resource from src\main\resources to target\classes
2025-03-27 12:47:17,403 [Worker-3: Launching prjGame - PrjGameApplication] INFO  o.a.m.s.f.DefaultMavenResourcesFiltering - Copying 0 resource from src\main\resources to target\classes
2025-03-27 12:47:17,407 [Worker-3: Launching prjGame - PrjGameApplication] INFO  o.a.m.s.f.DefaultMavenResourcesFiltering - skip non existing resourceDirectory C:\Users\SN1073554\OneDrive - SESISENAISP - Corporativo\organizar\Área de Trabalho\JogoAtualizado\prjGame\src\test\resources
2025-03-31 12:31:43,490 [Worker-4: Loading available Gradle versions] INFO  o.e.b.c.i.u.g.PublishedGradleVersions - Gradle version information cache is out-of-date. Trying to update.
2025-04-01 12:06:40,954 [Worker-28: Building Workspace] INFO  o.a.m.s.f.DefaultMavenResourcesFiltering - Copying 1 resource from src\main\resources to target\classes
2025-04-01 12:06:40,989 [Worker-28: Building Workspace] INFO  o.a.m.s.f.DefaultMavenResourcesFiltering - Copying 3 resources from src\main\resources to target\classes
2025-04-01 12:06:41,005 [Worker-28: Building Workspace] INFO  o.a.m.s.f.DefaultMavenResourcesFiltering - skip non existing resourceDirectory C:\Users\SN1073554\OneDrive - SESISENAISP - Corporativo\organizar\Área de Trabalho\JogoAtualizado\prjGame\src\test\resources
2025-04-01 12:15:18,115 [Worker-4: Loading available Gradle versions] INFO  o.e.b.c.i.u.g.PublishedGradleVersions - Gradle version information cache is up-to-date. Trying to read.
